<?xml version="1.0" encoding="UTF-8"?>
<!-- Generated by org.testng.reporters.JUnitXMLReporter -->
<testsuite hostname="ssvgc" ignored="2" name="Test" tests="3" failures="0" timestamp="20 Aug 2017 19:03:24 GMT" time="37.285" errors="0">
  <testcase name="testValidLoginLogout" time="5.167" classname="com.actitime.tests.ValidaLoginLogout"/>
  <testcase name="testInvalidLogin" time="3.635" classname="com.actitime.tests.InvalidLogin"/>
  <testcase name="testVerifyVersion" time="4.886" classname="com.actitime.tests.VerifyVersion"/>
  <testcase name="@BeforeSuite setDriverPath" time="0.0" classname="generics.BaseTest">
    <ignored/>
  </testcase> <!-- @BeforeSuite setDriverPath -->
  <testcase name="@BeforeSuite setDriverPath" time="0.0" classname="generics.BaseTest">
    <ignored/>
  </testcase> <!-- @BeforeSuite setDriverPath -->
</testsuite> <!-- Test -->
